INIT 2025-11-30T11:45:20.918Z goal="请根据 @docs/PRD.md 列出一份完整的功能列表（feature list），用于驱动 foreman 的功能驱动开发。" note="mode=merge, features=16" summary="Created long-task harness"
VERIFY 2025-11-30T11:54:15.580Z feature=database.schema.init action=needs_review summary="Verified database.schema.init: needs_review"
VERIFY 2025-11-30T11:57:31.260Z feature=database.schema.init action=pass summary="Verified database.schema.init: pass"
STEP 2025-11-30T11:57:31.261Z feature=database.schema.init status=passing tests="./ai/init.sh check" summary="Completed database.schema.init"
VERIFY 2025-11-30T12:11:59.542Z feature=api.features.crud action=needs_review summary="Verified api.features.crud: needs_review"
STEP 2025-11-30T12:12:46Z feature=api.features.crud status=passing summary="Implemented full CRUD API at /api/features with validation and filtering"
STEP 2025-11-30T12:12:46Z feature=api.features.filter-query status=passing summary="Implemented status/module filtering in GET /api/features"
STEP 2025-11-30T12:12:46Z feature=api.features.validation status=passing summary="Implemented payload validation with defaults and error responses"
STEP 2025-11-30T12:14:59Z feature=api.features.stats status=passing summary="Implemented GET /api/features/stats with byStatus and byModule counts"
VERIFY 2025-11-30T12:35:17.838Z feature=frontend.shell.layout action=fail summary="Verified frontend.shell.layout: fail"
VERIFY 2025-11-30T12:37:36.772Z feature=frontend.shell.layout action=pass summary="Verified frontend.shell.layout: pass"
STEP 2025-11-30T12:37:36.773Z feature=frontend.shell.layout status=passing tests="./ai/init.sh check" summary="Completed frontend.shell.layout"
VERIFY 2025-11-30T12:40:04.657Z feature=frontend.features.list-view action=pass summary="Verified frontend.features.list-view: pass"
STEP 2025-11-30T12:40:04.657Z feature=frontend.features.list-view status=passing tests="./ai/init.sh check" summary="Completed frontend.features.list-view"
VERIFY 2025-11-30T12:41:54.771Z feature=frontend.features.filters-ui action=needs_review summary="Verified frontend.features.filters-ui: needs_review"
VERIFY 2025-11-30T12:44:13.554Z feature=frontend.features.filters-ui action=pass summary="Verified frontend.features.filters-ui: pass"
STEP 2025-11-30T12:44:13.555Z feature=frontend.features.filters-ui status=passing tests="./ai/init.sh check" summary="Completed frontend.features.filters-ui"
VERIFY 2025-11-30T12:46:28.304Z feature=frontend.features.url-sync action=pass summary="Verified frontend.features.url-sync: pass"
STEP 2025-11-30T12:46:28.305Z feature=frontend.features.url-sync status=passing tests="./ai/init.sh check" summary="Completed frontend.features.url-sync"
VERIFY 2025-11-30T12:49:12.531Z feature=frontend.features.form-create action=pass summary="Verified frontend.features.form-create: pass"
STEP 2025-11-30T12:49:12.532Z feature=frontend.features.form-create status=passing tests="./ai/init.sh check" summary="Completed frontend.features.form-create"
VERIFY 2025-11-30T12:52:54.543Z feature=frontend.features.form-edit action=needs_review summary="Verified frontend.features.form-edit: needs_review"
STEP 2025-11-30T12:52:54.545Z feature=frontend.features.form-edit status=passing tests="./ai/init.sh check" summary="Completed frontend.features.form-edit"
VERIFY 2025-11-30T12:55:44.505Z feature=frontend.features.state-transition action=pass summary="Verified frontend.features.state-transition: pass"
STEP 2025-11-30T12:55:44.505Z feature=frontend.features.state-transition status=passing tests="./ai/init.sh check" summary="Completed frontend.features.state-transition"
VERIFY 2025-11-30T12:58:41.424Z feature=frontend.features.stats-view action=pass summary="Verified frontend.features.stats-view: pass"
STEP 2025-11-30T12:58:41.425Z feature=frontend.features.stats-view status=passing tests="./ai/init.sh check" summary="Completed frontend.features.stats-view"
VERIFY 2025-11-30T13:01:05.796Z feature=frontend.features.local-preferences action=pass summary="Verified frontend.features.local-preferences: pass"
STEP 2025-11-30T13:01:05.796Z feature=frontend.features.local-preferences status=passing tests="./ai/init.sh check" summary="Completed frontend.features.local-preferences"
VERIFY 2025-11-30T13:05:03.667Z feature=e2e.tests.core-flows action=pass summary="Verified e2e.tests.core-flows: pass"
STEP 2025-11-30T13:05:03.668Z feature=e2e.tests.core-flows status=passing tests="./ai/init.sh check" summary="Completed e2e.tests.core-flows"
VERIFY 2025-11-30T13:07:43.400Z feature=tooling.scripts.dev action=pass summary="Verified tooling.scripts.dev: pass"
STEP 2025-11-30T13:07:43.401Z feature=tooling.scripts.dev status=passing tests="./ai/init.sh check" summary="Completed tooling.scripts.dev"
